<?xml version="1.0" encoding="UTF-8"?>
<!-- Generated by org.testng.reporters.JUnitXMLReporter -->
<testsuite ignored="0" hostname="DESKTOP-QP0HI4H" failures="0" tests="1" name="Test" time="17.492" errors="0" timestamp="2023-05-06T22:36:48 IST">
  <testcase classname="Genriclib.Baseclass" name="@BeforeMethod OpenApp" time="17.41">
    <failure type="java.lang.NullPointerException" message="Cannot invoke &amp;quot;org.testng.xml.XmlTest.getParameter(String)&amp;quot; because &amp;quot;this.xml&amp;quot; is null">
      <![CDATA[java.lang.NullPointerException: Cannot invoke "org.testng.xml.XmlTest.getParameter(String)" because "this.xml" is null
at Genriclib.Baseclass.OpenApp(Baseclass.java:27)
at java.base/java.util.ArrayList.forEach(ArrayList.java:1511)
... Removed 31 stack frames]]>
    </failure>
  </testcase> <!-- @BeforeMethod OpenApp -->
  <testcase classname="Genriclib.Baseclass" name="@AfterMethod Closeapp" time="-1.683392807598E9">
    <skipped/>
  </testcase> <!-- @AfterMethod Closeapp -->
  <testcase classname="Scripts.TestCase1" name="tc1" time="0.0">
    <skipped/>
  </testcase> <!-- tc1 -->
</testsuite> <!-- Test -->
