<?xml version="1.0" encoding="UTF-8"?>
<testng-results ignored="0" total="3" passed="3" failed="0" skipped="0">
  <reporter-output>
    <line>
      <![CDATA[tc1]]>
    </line>
    <line>
      <![CDATA[tc1]]>
    </line>
    <line>
      <![CDATA[tc1]]>
    </line>
  </reporter-output>
  <suite started-at="2023-05-09T21:18:33 IST" name="Default suite" finished-at="2023-05-09T21:25:36 IST" duration-ms="422638">
    <groups>
    </groups>
    <test started-at="2023-05-09T21:18:33 IST" name="Default test" finished-at="2023-05-09T21:25:36 IST" duration-ms="422638">
      <class name="Scripts.TestCase1">
        <test-method is-config="true" signature="beforesuit()[pri:0, instance:Scripts.TestCase1@5e600dd5]" started-at="2023-05-09T21:18:33 IST" name="beforesuit" finished-at="2023-05-09T21:18:33 IST" duration-ms="274" status="PASS">
          <reporter-output>
          </reporter-output>
        </test-method> <!-- beforesuit -->
        <test-method is-config="true" signature="OpenApp()[pri:0, instance:Scripts.TestCase1@5e600dd5]" started-at="2023-05-09T21:18:34 IST" name="OpenApp" finished-at="2023-05-09T21:18:53 IST" duration-ms="18685" status="PASS">
          <reporter-output>
          </reporter-output>
        </test-method> <!-- OpenApp -->
        <test-method signature="tc1(java.lang.String,java.lang.String,java.lang.String,java.lang.String)[pri:0, instance:Scripts.TestCase1@5e600dd5]" started-at="2023-05-09T21:18:53 IST" name="tc1" data-provider="dataexcel" finished-at="2023-05-09T21:20:29 IST" duration-ms="96252" status="PASS">
          <params>
            <param index="0">
              <value>
                <![CDATA[sudharsan]]>
              </value>
            </param>
            <param index="1">
              <value>
                <![CDATA[k]]>
              </value>
            </param>
            <param index="2">
              <value>
                <![CDATA[7904266725]]>
              </value>
            </param>
            <param index="3">
              <value>
                <![CDATA[sud@gmail.com]]>
              </value>
            </param>
          </params>
          <reporter-output>
          </reporter-output>
        </test-method> <!-- tc1 -->
        <test-method is-config="true" signature="Closeapp(org.testng.ITestResult)[pri:0, instance:Scripts.TestCase1@5e600dd5]" started-at="2023-05-09T21:20:29 IST" name="Closeapp" finished-at="2023-05-09T21:21:20 IST" duration-ms="51272" status="PASS">
          <params>
            <param index="0">
              <value>
                <![CDATA[[TestResult name=tc1 status=SUCCESS method=TestCase1.tc1(java.lang.String,java.lang.String,java.lang.String,java.lang.String)[pri:0, instance:Scripts.TestCase1@5e600dd5] output={null}]]]>
              </value>
            </param>
          </params>
          <reporter-output>
            <line>
              <![CDATA[tc1]]>
            </line>
          </reporter-output>
        </test-method> <!-- Closeapp -->
        <test-method is-config="true" signature="OpenApp()[pri:0, instance:Scripts.TestCase1@5e600dd5]" started-at="2023-05-09T21:21:20 IST" name="OpenApp" finished-at="2023-05-09T21:21:35 IST" duration-ms="14418" status="PASS">
          <reporter-output>
          </reporter-output>
        </test-method> <!-- OpenApp -->
        <test-method signature="tc1(java.lang.String,java.lang.String,java.lang.String,java.lang.String)[pri:0, instance:Scripts.TestCase1@5e600dd5]" started-at="2023-05-09T21:21:35 IST" name="tc1" data-provider="dataexcel" finished-at="2023-05-09T21:22:38 IST" duration-ms="62951" status="PASS">
          <params>
            <param index="0">
              <value>
                <![CDATA[karthi]]>
              </value>
            </param>
            <param index="1">
              <value>
                <![CDATA[k]]>
              </value>
            </param>
            <param index="2">
              <value>
                <![CDATA[9876543210]]>
              </value>
            </param>
            <param index="3">
              <value>
                <![CDATA[karth@gmail.com]]>
              </value>
            </param>
          </params>
          <reporter-output>
          </reporter-output>
        </test-method> <!-- tc1 -->
        <test-method is-config="true" signature="Closeapp(org.testng.ITestResult)[pri:0, instance:Scripts.TestCase1@5e600dd5]" started-at="2023-05-09T21:22:38 IST" name="Closeapp" finished-at="2023-05-09T21:23:26 IST" duration-ms="47788" status="PASS">
          <params>
            <param index="0">
              <value>
                <![CDATA[[TestResult name=tc1 status=SUCCESS method=TestCase1.tc1(java.lang.String,java.lang.String,java.lang.String,java.lang.String)[pri:0, instance:Scripts.TestCase1@5e600dd5] output={null}]]]>
              </value>
            </param>
          </params>
          <reporter-output>
            <line>
              <![CDATA[tc1]]>
            </line>
          </reporter-output>
        </test-method> <!-- Closeapp -->
        <test-method is-config="true" signature="OpenApp()[pri:0, instance:Scripts.TestCase1@5e600dd5]" started-at="2023-05-09T21:23:26 IST" name="OpenApp" finished-at="2023-05-09T21:23:38 IST" duration-ms="12915" status="PASS">
          <reporter-output>
          </reporter-output>
        </test-method> <!-- OpenApp -->
        <test-method signature="tc1(java.lang.String,java.lang.String,java.lang.String,java.lang.String)[pri:0, instance:Scripts.TestCase1@5e600dd5]" started-at="2023-05-09T21:23:38 IST" name="tc1" data-provider="dataexcel" finished-at="2023-05-09T21:24:46 IST" duration-ms="67572" status="PASS">
          <params>
            <param index="0">
              <value>
                <![CDATA[kannan]]>
              </value>
            </param>
            <param index="1">
              <value>
                <![CDATA[r]]>
              </value>
            </param>
            <param index="2">
              <value>
                <![CDATA[9876543211]]>
              </value>
            </param>
            <param index="3">
              <value>
                <![CDATA[kann@gmail.com]]>
              </value>
            </param>
          </params>
          <reporter-output>
          </reporter-output>
        </test-method> <!-- tc1 -->
        <test-method is-config="true" signature="Closeapp(org.testng.ITestResult)[pri:0, instance:Scripts.TestCase1@5e600dd5]" started-at="2023-05-09T21:24:46 IST" name="Closeapp" finished-at="2023-05-09T21:25:36 IST" duration-ms="49926" status="PASS">
          <params>
            <param index="0">
              <value>
                <![CDATA[[TestResult name=tc1 status=SUCCESS method=TestCase1.tc1(java.lang.String,java.lang.String,java.lang.String,java.lang.String)[pri:0, instance:Scripts.TestCase1@5e600dd5] output={null}]]]>
              </value>
            </param>
          </params>
          <reporter-output>
            <line>
              <![CDATA[tc1]]>
            </line>
          </reporter-output>
        </test-method> <!-- Closeapp -->
        <test-method is-config="true" signature="aftesuit()[pri:0, instance:Scripts.TestCase1@5e600dd5]" started-at="2023-05-09T21:25:36 IST" name="aftesuit" finished-at="2023-05-09T21:25:36 IST" duration-ms="1" status="FAIL">
          <exception class="java.lang.NullPointerException">
            <message>
              <![CDATA[Cannot invoke "com.aventstack.extentreports.reporter.ExtentHtmlReporter.flush(com.aventstack.extentreports.ReportAggregates)" because "this.htmlreports" is null]]>
            </message>
            <full-stacktrace>
              <![CDATA[java.lang.NullPointerException: Cannot invoke "com.aventstack.extentreports.reporter.ExtentHtmlReporter.flush(com.aventstack.extentreports.ReportAggregates)" because "this.htmlreports" is null
at Genriclib.Baseclass.aftesuit(Baseclass.java:83)
at java.base/jdk.internal.reflect.NativeMethodAccessorImpl.invoke0(Native Method)
at java.base/jdk.internal.reflect.NativeMethodAccessorImpl.invoke(NativeMethodAccessorImpl.java:77)
at java.base/jdk.internal.reflect.DelegatingMethodAccessorImpl.invoke(DelegatingMethodAccessorImpl.java:43)
at java.base/java.lang.reflect.Method.invoke(Method.java:568)
at org.testng.internal.MethodInvocationHelper.invokeMethod(MethodInvocationHelper.java:133)
at org.testng.internal.MethodInvocationHelper.invokeMethodConsideringTimeout(MethodInvocationHelper.java:62)
at org.testng.internal.ConfigInvoker.invokeConfigurationMethod(ConfigInvoker.java:385)
at org.testng.internal.ConfigInvoker.invokeConfigurations(ConfigInvoker.java:321)
at org.testng.SuiteRunner.privateRun(SuiteRunner.java:344)
at org.testng.SuiteRunner.run(SuiteRunner.java:276)
at org.testng.SuiteRunnerWorker.runSuite(SuiteRunnerWorker.java:53)
at org.testng.SuiteRunnerWorker.run(SuiteRunnerWorker.java:96)
at org.testng.TestNG.runSuitesSequentially(TestNG.java:1212)
at org.testng.TestNG.runSuitesLocally(TestNG.java:1134)
at org.testng.TestNG.runSuites(TestNG.java:1063)
at org.testng.TestNG.run(TestNG.java:1031)
at org.testng.remote.AbstractRemoteTestNG.run(AbstractRemoteTestNG.java:115)
at org.testng.remote.RemoteTestNG.initAndRun(RemoteTestNG.java:251)
at org.testng.remote.RemoteTestNG.main(RemoteTestNG.java:77)
]]>
            </full-stacktrace>
          </exception> <!-- java.lang.NullPointerException -->
          <reporter-output>
          </reporter-output>
        </test-method> <!-- aftesuit -->
      </class> <!-- Scripts.TestCase1 -->
    </test> <!-- Default test -->
  </suite> <!-- Default suite -->
</testng-results>
